<?xml version="1.0" encoding="UTF-8"?>
<coverage generated="1628247080869" clover="3.2.0">
  <project timestamp="1628247080869" name="All files">
    <metrics statements="57" coveredstatements="43" conditionals="34" coveredconditionals="12" methods="18" coveredmethods="14" elements="109" coveredelements="69" complexity="0" loc="57" ncloc="57" packages="6" files="9" classes="9"/>
    <package name="src">
      <metrics statements="2" coveredstatements="1" conditionals="0" coveredconditionals="0" methods="1" coveredmethods="1"/>
      <file name="App.js" path="C:\Users\John\myprojects\takehomeChallenge\user-dashboard\src\App.js">
        <metrics statements="1" coveredstatements="1" conditionals="0" coveredconditionals="0" methods="1" coveredmethods="1"/>
        <line num="3" count="1" type="stmt"/>
      </file>
      <file name="index.js" path="C:\Users\John\myprojects\takehomeChallenge\user-dashboard\src\index.js">
        <metrics statements="1" coveredstatements="0" conditionals="0" coveredconditionals="0" methods="0" coveredmethods="0"/>
        <line num="6" count="0" type="stmt"/>
      </file>
    </package>
    <package name="src.components.ListItem">
      <metrics statements="3" coveredstatements="3" conditionals="4" coveredconditionals="1" methods="1" coveredmethods="1"/>
      <file name="index.js" path="C:\Users\John\myprojects\takehomeChallenge\user-dashboard\src\components\ListItem\index.js">
        <metrics statements="3" coveredstatements="3" conditionals="4" coveredconditionals="1" methods="1" coveredmethods="1"/>
        <line num="19" count="3" type="stmt"/>
        <line num="27" count="1" type="stmt"/>
        <line num="56" count="3" type="stmt"/>
      </file>
    </package>
    <package name="src.components.SelectInput">
      <metrics statements="4" coveredstatements="4" conditionals="4" coveredconditionals="4" methods="2" coveredmethods="2"/>
      <file name="index.js" path="C:\Users\John\myprojects\takehomeChallenge\user-dashboard\src\components\SelectInput\index.js">
        <metrics statements="4" coveredstatements="4" conditionals="4" coveredconditionals="4" methods="2" coveredmethods="2"/>
        <line num="17" count="3" type="stmt"/>
        <line num="25" count="23" type="stmt"/>
        <line num="41" count="69" type="stmt"/>
        <line num="48" count="3" type="stmt"/>
      </file>
    </package>
    <package name="src.components.TextInput">
      <metrics statements="3" coveredstatements="3" conditionals="1" coveredconditionals="1" methods="1" coveredmethods="1"/>
      <file name="index.js" path="C:\Users\John\myprojects\takehomeChallenge\user-dashboard\src\components\TextInput\index.js">
        <metrics statements="3" coveredstatements="3" conditionals="1" coveredconditionals="1" methods="1" coveredmethods="1"/>
        <line num="16" count="3" type="cond" truecount="1" falsecount="0"/>
        <line num="17" count="23" type="stmt"/>
        <line num="34" count="3" type="stmt"/>
      </file>
    </package>
    <package name="src.user">
      <metrics statements="43" coveredstatements="30" conditionals="25" coveredconditionals="6" methods="13" coveredmethods="9"/>
      <file name="UserForm.js" path="C:\Users\John\myprojects\takehomeChallenge\user-dashboard\src\user\UserForm.js">
        <metrics statements="3" coveredstatements="3" conditionals="0" coveredconditionals="0" methods="1" coveredmethods="1"/>
        <line num="19" count="2" type="stmt"/>
        <line num="20" count="22" type="stmt"/>
        <line num="55" count="2" type="stmt"/>
      </file>
      <file name="UserList.js" path="C:\Users\John\myprojects\takehomeChallenge\user-dashboard\src\user\UserList.js">
        <metrics statements="30" coveredstatements="17" conditionals="21" coveredconditionals="4" methods="9" coveredmethods="5"/>
        <line num="16" count="2" type="stmt"/>
        <line num="17" count="46" type="stmt"/>
        <line num="18" count="46" type="stmt"/>
        <line num="19" count="46" type="stmt"/>
        <line num="22" count="46" type="stmt"/>
        <line num="28" count="6" type="stmt"/>
        <line num="29" count="6" type="stmt"/>
        <line num="30" count="0" type="stmt"/>
        <line num="31" count="0" type="stmt"/>
        <line num="36" count="46" type="stmt"/>
        <line num="37" count="23" type="stmt"/>
        <line num="39" count="23" type="cond" truecount="2" falsecount="0"/>
        <line num="41" count="0" type="cond" truecount="0" falsecount="2"/>
        <line num="46" count="0" type="stmt"/>
        <line num="47" count="0" type="stmt"/>
        <line num="51" count="23" type="stmt"/>
        <line num="52" count="0" type="stmt"/>
        <line num="53" count="0" type="stmt"/>
        <line num="54" count="0" type="stmt"/>
        <line num="55" count="0" type="cond" truecount="0" falsecount="2"/>
        <line num="56" count="0" type="cond" truecount="0" falsecount="2"/>
        <line num="57" count="0" type="stmt"/>
        <line num="60" count="23" type="stmt"/>
        <line num="61" count="23" type="cond" truecount="1" falsecount="1"/>
        <line num="62" count="23" type="stmt"/>
        <line num="66" count="46" type="cond" truecount="1" falsecount="1"/>
        <line num="67" count="46" type="stmt"/>
        <line num="74" count="0" type="cond" truecount="0" falsecount="4"/>
        <line num="76" count="0" type="stmt"/>
        <line num="92" count="2" type="stmt"/>
      </file>
      <file name="index.js" path="C:\Users\John\myprojects\takehomeChallenge\user-dashboard\src\user\index.js">
        <metrics statements="10" coveredstatements="10" conditionals="4" coveredconditionals="2" methods="3" coveredmethods="3"/>
        <line num="11" count="2" type="stmt"/>
        <line num="12" count="22" type="stmt"/>
        <line num="13" count="22" type="stmt"/>
        <line num="20" count="22" type="stmt"/>
        <line num="21" count="16" type="cond" truecount="1" falsecount="1"/>
        <line num="22" count="16" type="stmt"/>
        <line num="30" count="22" type="stmt"/>
        <line num="31" count="1" type="cond" truecount="1" falsecount="1"/>
        <line num="32" count="1" type="stmt"/>
        <line num="35" count="22" type="stmt"/>
      </file>
    </package>
    <package name="src.utils">
      <metrics statements="2" coveredstatements="2" conditionals="0" coveredconditionals="0" methods="0" coveredmethods="0"/>
      <file name="constants.js" path="C:\Users\John\myprojects\takehomeChallenge\user-dashboard\src\utils\constants.js">
        <metrics statements="2" coveredstatements="2" conditionals="0" coveredconditionals="0" methods="0" coveredmethods="0"/>
        <line num="1" count="3" type="stmt"/>
        <line num="2" count="3" type="stmt"/>
      </file>
    </package>
  </project>
</coverage>
