{"C:\\Users\\John\\myprojects\\takehomeChallenge\\user-dashboard\\src\\App.js": {"path":"C:\\Users\\John\\myprojects\\takehomeChallenge\\user-dashboard\\src\\App.js","statementMap":{"0":{"start":{"line":3,"column":12},"end":{"line":3,"column":26}},"1":{"start":{"line":3,"column":18},"end":{"line":3,"column":26}}},"fnMap":{"0":{"name":"(anonymous_0)","decl":{"start":{"line":3,"column":12},"end":{"line":3,"column":13}},"loc":{"start":{"line":3,"column":18},"end":{"line":3,"column":26}},"line":3}},"branchMap":{},"s":{"0":1,"1":1},"f":{"0":1},"b":{},"_coverageSchema":"1a1c01bbd47fc00a2c39e90264f33305004495a9","hash":"817b224f10876496bee2e96ccf8a4e389a968867"}
,"C:\\Users\\John\\myprojects\\takehomeChallenge\\user-dashboard\\src\\index.js": {"path":"C:\\Users\\John\\myprojects\\takehomeChallenge\\user-dashboard\\src\\index.js","statementMap":{"0":{"start":{"line":6,"column":0},"end":{"line":11,"column":2}}},"fnMap":{},"branchMap":{},"s":{"0":0},"f":{},"b":{}}
,"C:\\Users\\John\\myprojects\\takehomeChallenge\\user-dashboard\\src\\components\\ListItem\\index.js": {"path":"C:\\Users\\John\\myprojects\\takehomeChallenge\\user-dashboard\\src\\components\\ListItem\\index.js","statementMap":{"0":{"start":{"line":19,"column":17},"end":{"line":54,"column":1}},"1":{"start":{"line":27,"column":2},"end":{"line":53,"column":14}},"2":{"start":{"line":56,"column":0},"end":{"line":62,"column":2}}},"fnMap":{"0":{"name":"(anonymous_0)","decl":{"start":{"line":19,"column":17},"end":{"line":19,"column":18}},"loc":{"start":{"line":27,"column":2},"end":{"line":53,"column":14}},"line":27}},"branchMap":{"0":{"loc":{"start":{"line":21,"column":2},"end":{"line":21,"column":16}},"type":"default-arg","locations":[{"start":{"line":21,"column":8},"end":{"line":21,"column":16}}],"line":21},"1":{"loc":{"start":{"line":25,"column":2},"end":{"line":25,"column":13}},"type":"default-arg","locations":[{"start":{"line":25,"column":7},"end":{"line":25,"column":13}}],"line":25},"2":{"loc":{"start":{"line":33,"column":9},"end":{"line":33,"column":77}},"type":"cond-expr","locations":[{"start":{"line":33,"column":17},"end":{"line":33,"column":70}},{"start":{"line":33,"column":73},"end":{"line":33,"column":77}}],"line":33}},"s":{"0":3,"1":1,"2":3},"f":{"0":1},"b":{"0":[0],"1":[0],"2":[0,1]},"_coverageSchema":"1a1c01bbd47fc00a2c39e90264f33305004495a9","hash":"6faf0fc4d288d74dd9b7fa6933c2df7d93f1111a"}
,"C:\\Users\\John\\myprojects\\takehomeChallenge\\user-dashboard\\src\\components\\SelectInput\\index.js": {"path":"C:\\Users\\John\\myprojects\\takehomeChallenge\\user-dashboard\\src\\components\\SelectInput\\index.js","statementMap":{"0":{"start":{"line":17,"column":20},"end":{"line":46,"column":1}},"1":{"start":{"line":25,"column":2},"end":{"line":45,"column":4}},"2":{"start":{"line":41,"column":12},"end":{"line":41,"column":69}},"3":{"start":{"line":48,"column":0},"end":{"line":55,"column":2}}},"fnMap":{"0":{"name":"(anonymous_0)","decl":{"start":{"line":17,"column":20},"end":{"line":17,"column":21}},"loc":{"start":{"line":24,"column":6},"end":{"line":46,"column":1}},"line":24},"1":{"name":"(anonymous_1)","decl":{"start":{"line":40,"column":22},"end":{"line":40,"column":23}},"loc":{"start":{"line":41,"column":12},"end":{"line":41,"column":69}},"line":41}},"branchMap":{"0":{"loc":{"start":{"line":20,"column":2},"end":{"line":20,"column":13}},"type":"default-arg","locations":[{"start":{"line":20,"column":9},"end":{"line":20,"column":13}}],"line":20},"1":{"loc":{"start":{"line":38,"column":9},"end":{"line":42,"column":12}},"type":"binary-expr","locations":[{"start":{"line":38,"column":9},"end":{"line":38,"column":16}},{"start":{"line":39,"column":10},"end":{"line":39,"column":24}},{"start":{"line":40,"column":10},"end":{"line":42,"column":12}}],"line":38}},"s":{"0":3,"1":23,"2":69,"3":3},"f":{"0":23,"1":69},"b":{"0":[22],"1":[23,23,23]},"_coverageSchema":"1a1c01bbd47fc00a2c39e90264f33305004495a9","hash":"bbb814be68be986fa0be7539729738ab9786cc85"}
,"C:\\Users\\John\\myprojects\\takehomeChallenge\\user-dashboard\\src\\components\\TextInput\\index.js": {"path":"C:\\Users\\John\\myprojects\\takehomeChallenge\\user-dashboard\\src\\components\\TextInput\\index.js","statementMap":{"0":{"start":{"line":16,"column":18},"end":{"line":32,"column":1}},"1":{"start":{"line":17,"column":2},"end":{"line":31,"column":4}},"2":{"start":{"line":34,"column":0},"end":{"line":40,"column":2}}},"fnMap":{"0":{"name":"(anonymous_0)","decl":{"start":{"line":16,"column":18},"end":{"line":16,"column":19}},"loc":{"start":{"line":16,"column":76},"end":{"line":32,"column":1}},"line":16}},"branchMap":{"0":{"loc":{"start":{"line":16,"column":34},"end":{"line":16,"column":45}},"type":"default-arg","locations":[{"start":{"line":16,"column":41},"end":{"line":16,"column":45}}],"line":16}},"s":{"0":3,"1":23,"2":3},"f":{"0":23},"b":{"0":[22]},"_coverageSchema":"1a1c01bbd47fc00a2c39e90264f33305004495a9","hash":"22086646a01bdf452e78370f831a429134c6a989"}
,"C:\\Users\\John\\myprojects\\takehomeChallenge\\user-dashboard\\src\\user\\UserForm.js": {"path":"C:\\Users\\John\\myprojects\\takehomeChallenge\\user-dashboard\\src\\user\\UserForm.js","statementMap":{"0":{"start":{"line":19,"column":17},"end":{"line":53,"column":1}},"1":{"start":{"line":20,"column":2},"end":{"line":52,"column":9}},"2":{"start":{"line":55,"column":0},"end":{"line":60,"column":2}}},"fnMap":{"0":{"name":"(anonymous_0)","decl":{"start":{"line":19,"column":17},"end":{"line":19,"column":18}},"loc":{"start":{"line":20,"column":2},"end":{"line":52,"column":9}},"line":20}},"branchMap":{},"s":{"0":2,"1":22,"2":2},"f":{"0":22},"b":{},"_coverageSchema":"1a1c01bbd47fc00a2c39e90264f33305004495a9","hash":"5505563e577c9aa781aaede80037fa86f74c6070"}
,"C:\\Users\\John\\myprojects\\takehomeChallenge\\user-dashboard\\src\\user\\UserList.js": {"path":"C:\\Users\\John\\myprojects\\takehomeChallenge\\user-dashboard\\src\\user\\UserList.js","statementMap":{"0":{"start":{"line":16,"column":17},"end":{"line":90,"column":1}},"1":{"start":{"line":17,"column":30},"end":{"line":17,"column":44}},"2":{"start":{"line":18,"column":38},"end":{"line":18,"column":50}},"3":{"start":{"line":19,"column":36},"end":{"line":19,"column":48}},"4":{"start":{"line":22,"column":2},"end":{"line":33,"column":9}},"5":{"start":{"line":28,"column":4},"end":{"line":32,"column":9}},"6":{"start":{"line":29,"column":23},"end":{"line":29,"column":48}},"7":{"start":{"line":30,"column":19},"end":{"line":30,"column":40}},"8":{"start":{"line":31,"column":6},"end":{"line":31,"column":26}},"9":{"start":{"line":36,"column":2},"end":{"line":63,"column":43}},"10":{"start":{"line":37,"column":18},"end":{"line":37,"column":22}},"11":{"start":{"line":39,"column":6},"end":{"line":49,"column":25}},"12":{"start":{"line":41,"column":12},"end":{"line":46,"column":26}},"13":{"start":{"line":46,"column":14},"end":{"line":46,"column":26}},"14":{"start":{"line":47,"column":12},"end":{"line":47,"column":25}},"15":{"start":{"line":51,"column":23},"end":{"line":58,"column":6}},"16":{"start":{"line":52,"column":22},"end":{"line":52,"column":42}},"17":{"start":{"line":53,"column":19},"end":{"line":53,"column":44}},"18":{"start":{"line":54,"column":19},"end":{"line":54,"column":44}},"19":{"start":{"line":55,"column":6},"end":{"line":57,"column":20}},"20":{"start":{"line":55,"column":23},"end":{"line":55,"column":33}},"21":{"start":{"line":56,"column":11},"end":{"line":57,"column":20}},"22":{"start":{"line":56,"column":28},"end":{"line":56,"column":37}},"23":{"start":{"line":57,"column":11},"end":{"line":57,"column":20}},"24":{"start":{"line":60,"column":4},"end":{"line":60,"column":29}},"25":{"start":{"line":61,"column":4},"end":{"line":61,"column":66}},"26":{"start":{"line":61,"column":16},"end":{"line":61,"column":66}},"27":{"start":{"line":61,"column":43},"end":{"line":61,"column":59}},"28":{"start":{"line":62,"column":4},"end":{"line":62,"column":39}},"29":{"start":{"line":62,"column":17},"end":{"line":62,"column":38}},"30":{"start":{"line":66,"column":2},"end":{"line":72,"column":3}},"31":{"start":{"line":67,"column":4},"end":{"line":71,"column":6}},"32":{"start":{"line":74,"column":2},"end":{"line":89,"column":4}},"33":{"start":{"line":76,"column":6},"end":{"line":83,"column":8}},"34":{"start":{"line":92,"column":0},"end":{"line":95,"column":2}}},"fnMap":{"0":{"name":"(anonymous_0)","decl":{"start":{"line":16,"column":17},"end":{"line":16,"column":18}},"loc":{"start":{"line":16,"column":41},"end":{"line":90,"column":1}},"line":16},"1":{"name":"(anonymous_1)","decl":{"start":{"line":22,"column":12},"end":{"line":22,"column":13}},"loc":{"start":{"line":22,"column":18},"end":{"line":33,"column":3}},"line":22},"2":{"name":"(anonymous_2)","decl":{"start":{"line":28,"column":5},"end":{"line":28,"column":6}},"loc":{"start":{"line":28,"column":17},"end":{"line":32,"column":5}},"line":28},"3":{"name":"(anonymous_3)","decl":{"start":{"line":36,"column":12},"end":{"line":36,"column":13}},"loc":{"start":{"line":36,"column":18},"end":{"line":63,"column":3}},"line":36},"4":{"name":"(anonymous_4)","decl":{"start":{"line":40,"column":28},"end":{"line":40,"column":29}},"loc":{"start":{"line":40,"column":38},"end":{"line":48,"column":11}},"line":40},"5":{"name":"(anonymous_5)","decl":{"start":{"line":51,"column":41},"end":{"line":51,"column":42}},"loc":{"start":{"line":51,"column":51},"end":{"line":58,"column":5}},"line":51},"6":{"name":"(anonymous_6)","decl":{"start":{"line":61,"column":37},"end":{"line":61,"column":38}},"loc":{"start":{"line":61,"column":43},"end":{"line":61,"column":59}},"line":61},"7":{"name":"(anonymous_7)","decl":{"start":{"line":62,"column":11},"end":{"line":62,"column":12}},"loc":{"start":{"line":62,"column":17},"end":{"line":62,"column":38}},"line":62},"8":{"name":"(anonymous_8)","decl":{"start":{"line":75,"column":18},"end":{"line":75,"column":19}},"loc":{"start":{"line":76,"column":6},"end":{"line":83,"column":8}},"line":76}},"branchMap":{"0":{"loc":{"start":{"line":39,"column":6},"end":{"line":49,"column":25}},"type":"cond-expr","locations":[{"start":{"line":40,"column":10},"end":{"line":48,"column":12}},{"start":{"line":49,"column":10},"end":{"line":49,"column":25}}],"line":39},"1":{"loc":{"start":{"line":41,"column":12},"end":{"line":46,"column":26}},"type":"if","locations":[{"start":{"line":41,"column":12},"end":{"line":46,"column":26}},{"start":{"line":41,"column":12},"end":{"line":46,"column":26}}],"line":41},"2":{"loc":{"start":{"line":42,"column":14},"end":{"line":44,"column":55}},"type":"binary-expr","locations":[{"start":{"line":42,"column":14},"end":{"line":42,"column":54}},{"start":{"line":43,"column":14},"end":{"line":43,"column":58}},{"start":{"line":44,"column":14},"end":{"line":44,"column":55}}],"line":42},"3":{"loc":{"start":{"line":55,"column":6},"end":{"line":57,"column":20}},"type":"if","locations":[{"start":{"line":55,"column":6},"end":{"line":57,"column":20}},{"start":{"line":55,"column":6},"end":{"line":57,"column":20}}],"line":55},"4":{"loc":{"start":{"line":56,"column":11},"end":{"line":57,"column":20}},"type":"if","locations":[{"start":{"line":56,"column":11},"end":{"line":57,"column":20}},{"start":{"line":56,"column":11},"end":{"line":57,"column":20}}],"line":56},"5":{"loc":{"start":{"line":61,"column":4},"end":{"line":61,"column":66}},"type":"if","locations":[{"start":{"line":61,"column":4},"end":{"line":61,"column":66}},{"start":{"line":61,"column":4},"end":{"line":61,"column":66}}],"line":61},"6":{"loc":{"start":{"line":66,"column":2},"end":{"line":72,"column":3}},"type":"if","locations":[{"start":{"line":66,"column":2},"end":{"line":72,"column":3}},{"start":{"line":66,"column":2},"end":{"line":72,"column":3}}],"line":66},"7":{"loc":{"start":{"line":74,"column":9},"end":{"line":89,"column":3}},"type":"cond-expr","locations":[{"start":{"line":75,"column":4},"end":{"line":84,"column":6}},{"start":{"line":86,"column":4},"end":{"line":88,"column":10}}],"line":74},"8":{"loc":{"start":{"line":74,"column":9},"end":{"line":74,"column":36}},"type":"binary-expr","locations":[{"start":{"line":74,"column":9},"end":{"line":74,"column":25}},{"start":{"line":74,"column":29},"end":{"line":74,"column":36}}],"line":74},"9":{"loc":{"start":{"line":82,"column":12},"end":{"line":82,"column":48}},"type":"cond-expr","locations":[{"start":{"line":82,"column":30},"end":{"line":82,"column":39}},{"start":{"line":82,"column":42},"end":{"line":82,"column":48}}],"line":82}},"s":{"0":2,"1":46,"2":46,"3":46,"4":46,"5":6,"6":6,"7":0,"8":0,"9":46,"10":23,"11":23,"12":0,"13":0,"14":0,"15":23,"16":0,"17":0,"18":0,"19":0,"20":0,"21":0,"22":0,"23":0,"24":23,"25":23,"26":23,"27":0,"28":23,"29":23,"30":46,"31":46,"32":0,"33":0,"34":2},"f":{"0":46,"1":6,"2":6,"3":23,"4":0,"5":0,"6":0,"7":23,"8":0},"b":{"0":[16,7],"1":[0,0],"2":[0,0,0],"3":[0,0],"4":[0,0],"5":[23,0],"6":[46,0],"7":[0,0],"8":[0,0],"9":[0,0]},"_coverageSchema":"1a1c01bbd47fc00a2c39e90264f33305004495a9","hash":"ce9832c0a565429040ba66f2aca9ad9a1d3389dc"}
,"C:\\Users\\John\\myprojects\\takehomeChallenge\\user-dashboard\\src\\user\\index.js": {"path":"C:\\Users\\John\\myprojects\\takehomeChallenge\\user-dashboard\\src\\user\\index.js","statementMap":{"0":{"start":{"line":11,"column":13},"end":{"line":50,"column":1}},"1":{"start":{"line":12,"column":30},"end":{"line":12,"column":42}},"2":{"start":{"line":13,"column":30},"end":{"line":13,"column":46}},"3":{"start":{"line":20,"column":26},"end":{"line":23,"column":3}},"4":{"start":{"line":21,"column":16},"end":{"line":21,"column":39}},"5":{"start":{"line":22,"column":4},"end":{"line":22,"column":19}},"6":{"start":{"line":30,"column":27},"end":{"line":33,"column":3}},"7":{"start":{"line":31,"column":16},"end":{"line":31,"column":43}},"8":{"start":{"line":32,"column":4},"end":{"line":32,"column":19}},"9":{"start":{"line":35,"column":2},"end":{"line":49,"column":4}}},"fnMap":{"0":{"name":"(anonymous_0)","decl":{"start":{"line":11,"column":13},"end":{"line":11,"column":14}},"loc":{"start":{"line":11,"column":19},"end":{"line":50,"column":1}},"line":11},"1":{"name":"(anonymous_1)","decl":{"start":{"line":20,"column":26},"end":{"line":20,"column":27}},"loc":{"start":{"line":20,"column":34},"end":{"line":23,"column":3}},"line":20},"2":{"name":"(anonymous_2)","decl":{"start":{"line":30,"column":27},"end":{"line":30,"column":28}},"loc":{"start":{"line":30,"column":35},"end":{"line":33,"column":3}},"line":30}},"branchMap":{"0":{"loc":{"start":{"line":21,"column":16},"end":{"line":21,"column":39}},"type":"binary-expr","locations":[{"start":{"line":21,"column":16},"end":{"line":21,"column":33}},{"start":{"line":21,"column":37},"end":{"line":21,"column":39}}],"line":21},"1":{"loc":{"start":{"line":31,"column":16},"end":{"line":31,"column":43}},"type":"binary-expr","locations":[{"start":{"line":31,"column":16},"end":{"line":31,"column":33}},{"start":{"line":31,"column":37},"end":{"line":31,"column":43}}],"line":31}},"s":{"0":2,"1":22,"2":22,"3":22,"4":16,"5":16,"6":22,"7":1,"8":1,"9":22},"f":{"0":22,"1":16,"2":1},"b":{"0":[16,0],"1":[1,0]},"_coverageSchema":"1a1c01bbd47fc00a2c39e90264f33305004495a9","hash":"aeaa70d2efcce9707310809e6fb4b37280d99e07"}
,"C:\\Users\\John\\myprojects\\takehomeChallenge\\user-dashboard\\src\\utils\\constants.js": {"path":"C:\\Users\\John\\myprojects\\takehomeChallenge\\user-dashboard\\src\\utils\\constants.js","statementMap":{"0":{"start":{"line":1,"column":29},"end":{"line":1,"column":58}},"1":{"start":{"line":2,"column":28},"end":{"line":2,"column":72}}},"fnMap":{},"branchMap":{},"s":{"0":3,"1":3},"f":{},"b":{},"_coverageSchema":"1a1c01bbd47fc00a2c39e90264f33305004495a9","hash":"72ecc1b0ccef659efb30a0f9ac201b71499b5ecd"}
}
