TN:
SF:src\App.js
FN:3,(anonymous_0)
FNF:1
FNH:1
FNDA:1,(anonymous_0)
DA:3,1
LF:1
LH:1
BRF:0
BRH:0
end_of_record
TN:
SF:src\index.js
FNF:0
FNH:0
DA:6,0
LF:1
LH:0
BRF:0
BRH:0
end_of_record
TN:
SF:src\components\ListItem\index.js
FN:19,(anonymous_0)
FNF:1
FNH:1
FNDA:1,(anonymous_0)
DA:19,3
DA:27,1
DA:56,3
LF:3
LH:3
BRDA:21,0,0,0
BRDA:25,1,0,0
BRDA:33,2,0,0
BRDA:33,2,1,1
BRF:4
BRH:1
end_of_record
TN:
SF:src\components\SelectInput\index.js
FN:17,(anonymous_0)
FN:40,(anonymous_1)
FNF:2
FNH:2
FNDA:23,(anonymous_0)
FNDA:69,(anonymous_1)
DA:17,3
DA:25,23
DA:41,69
DA:48,3
LF:4
LH:4
BRDA:20,0,0,22
BRDA:38,1,0,23
BRDA:38,1,1,23
BRDA:38,1,2,23
BRF:4
BRH:4
end_of_record
TN:
SF:src\components\TextInput\index.js
FN:16,(anonymous_0)
FNF:1
FNH:1
FNDA:23,(anonymous_0)
DA:16,3
DA:17,23
DA:34,3
LF:3
LH:3
BRDA:16,0,0,22
BRF:1
BRH:1
end_of_record
TN:
SF:src\user\UserForm.js
FN:19,(anonymous_0)
FNF:1
FNH:1
FNDA:22,(anonymous_0)
DA:19,2
DA:20,22
DA:55,2
LF:3
LH:3
BRF:0
BRH:0
end_of_record
TN:
SF:src\user\UserList.js
FN:16,(anonymous_0)
FN:22,(anonymous_1)
FN:28,(anonymous_2)
FN:36,(anonymous_3)
FN:39,(anonymous_4)
FN:50,(anonymous_5)
FN:60,(anonymous_6)
FN:73,(anonymous_7)
FNF:8
FNH:4
FNDA:46,(anonymous_0)
FNDA:6,(anonymous_1)
FNDA:6,(anonymous_2)
FNDA:23,(anonymous_3)
FNDA:0,(anonymous_4)
FNDA:0,(anonymous_5)
FNDA:0,(anonymous_6)
FNDA:0,(anonymous_7)
DA:16,2
DA:17,46
DA:18,46
DA:19,46
DA:22,46
DA:28,6
DA:29,6
DA:30,0
DA:31,0
DA:36,46
DA:38,23
DA:40,0
DA:45,0
DA:46,0
DA:50,23
DA:51,0
DA:52,0
DA:53,0
DA:54,0
DA:55,0
DA:56,0
DA:59,23
DA:60,23
DA:64,46
DA:65,46
DA:72,0
DA:74,0
DA:90,2
LF:28
LH:15
BRDA:38,0,0,16
BRDA:38,0,1,7
BRDA:40,1,0,0
BRDA:40,1,1,0
BRDA:41,2,0,0
BRDA:41,2,1,0
BRDA:41,2,2,0
BRDA:54,3,0,0
BRDA:54,3,1,0
BRDA:55,4,0,0
BRDA:55,4,1,0
BRDA:60,5,0,23
BRDA:60,5,1,0
BRDA:64,6,0,46
BRDA:64,6,1,0
BRDA:72,7,0,0
BRDA:72,7,1,0
BRDA:72,8,0,0
BRDA:72,8,1,0
BRDA:80,9,0,0
BRDA:80,9,1,0
BRF:21
BRH:4
end_of_record
TN:
SF:src\user\index.js
FN:11,(anonymous_0)
FN:20,(anonymous_1)
FN:30,(anonymous_2)
FNF:3
FNH:3
FNDA:22,(anonymous_0)
FNDA:16,(anonymous_1)
FNDA:1,(anonymous_2)
DA:11,2
DA:12,22
DA:13,22
DA:20,22
DA:21,16
DA:22,16
DA:30,22
DA:31,1
DA:32,1
DA:35,22
LF:10
LH:10
BRDA:21,0,0,16
BRDA:21,0,1,0
BRDA:31,1,0,1
BRDA:31,1,1,0
BRF:4
BRH:2
end_of_record
TN:
SF:src\utils\constants.js
FNF:0
FNH:0
DA:1,3
DA:2,3
LF:2
LH:2
BRF:0
BRH:0
end_of_record
